This file contains any messages produced by compilers while
running configure, to aid debugging if configure makes a mistake.

It was created by OpenCity configure 0.0.7dev, which was
generated by GNU Autoconf 2.69.  Invocation command line was

  $ ./configure CC=/usr/bin/gcc CXX=/usr/bin/g++ CFLAGS=-g3 -gdwarf-2 CXXFLAGS=-g3 -gdwarf-2

## --------- ##
## Platform. ##
## --------- ##

hostname = chris-H81M-S2PV
uname -m = x86_64
uname -r = 4.4.0-34-generic
uname -s = Linux
uname -v = #53-Ubuntu SMP Wed Jul 27 16:06:39 UTC 2016

/usr/bin/uname -p = unknown
/bin/uname -X     = unknown

/bin/arch              = unknown
/usr/bin/arch -k       = unknown
/usr/convex/getsysinfo = unknown
/usr/bin/hostinfo      = unknown
/bin/machine           = unknown
/usr/bin/oslevel       = unknown
/bin/universe          = unknown

PATH: /usr/bin
PATH: /home/chris/bin
PATH: /home/chris/.local/bin
PATH: /usr/local/sbin
PATH: /usr/local/bin
PATH: /usr/sbin
PATH: /usr/bin
PATH: /sbin
PATH: /bin
PATH: /usr/games
PATH: /usr/local/games
PATH: /snap/bin


## ----------- ##
## Core tests. ##
## ----------- ##

configure:2427: checking build system type
configure:2441: result: x86_64-pc-linux-gnu
configure:2461: checking host system type
configure:2474: result: x86_64-pc-linux-gnu
configure:2494: checking target system type
configure:2507: result: x86_64-pc-linux-gnu
configure:2553: checking for a BSD-compatible install
configure:2621: result: /usr/bin/install -c
configure:2632: checking whether build environment is sane
configure:2687: result: yes
configure:2838: checking for a thread-safe mkdir -p
configure:2877: result: /bin/mkdir -p
configure:2884: checking for gawk
configure:2914: result: no
configure:2884: checking for mawk
configure:2900: found /usr/bin/mawk
configure:2911: result: mawk
configure:2922: checking whether make sets $(MAKE)
configure:2944: result: yes
configure:2973: checking whether make supports nested variables
configure:2990: result: yes
configure:3128: checking for style of include used by make
configure:3156: result: GNU
configure:3227: checking for gcc
configure:3254: result: /usr/bin/gcc
configure:3483: checking for C compiler version
configure:3492: /usr/bin/gcc --version >&5
gcc (Ubuntu 5.4.0-6ubuntu1~16.04.2) 5.4.0 20160609
Copyright (C) 2015 Free Software Foundation, Inc.
This is free software; see the source for copying conditions.  There is NO
warranty; not even for MERCHANTABILITY or FITNESS FOR A PARTICULAR PURPOSE.

configure:3503: $? = 0
configure:3492: /usr/bin/gcc -v >&5
Using built-in specs.
COLLECT_GCC=/usr/bin/gcc
COLLECT_LTO_WRAPPER=/usr/lib/gcc/x86_64-linux-gnu/5/lto-wrapper
Target: x86_64-linux-gnu
Configured with: ../src/configure -v --with-pkgversion='Ubuntu 5.4.0-6ubuntu1~16.04.2' --with-bugurl=file:///usr/share/doc/gcc-5/README.Bugs --enable-languages=c,ada,c++,java,go,d,fortran,objc,obj-c++ --prefix=/usr --program-suffix=-5 --enable-shared --enable-linker-build-id --libexecdir=/usr/lib --without-included-gettext --enable-threads=posix --libdir=/usr/lib --enable-nls --with-sysroot=/ --enable-clocale=gnu --enable-libstdcxx-debug --enable-libstdcxx-time=yes --with-default-libstdcxx-abi=new --enable-gnu-unique-object --disable-vtable-verify --enable-libmpx --enable-plugin --with-system-zlib --disable-browser-plugin --enable-java-awt=gtk --enable-gtk-cairo --with-java-home=/usr/lib/jvm/java-1.5.0-gcj-5-amd64/jre --enable-java-home --with-jvm-root-dir=/usr/lib/jvm/java-1.5.0-gcj-5-amd64 --with-jvm-jar-dir=/usr/lib/jvm-exports/java-1.5.0-gcj-5-amd64 --with-arch-directory=amd64 --with-ecj-jar=/usr/share/java/eclipse-ecj.jar --enable-objc-gc --enable-multiarch --disable-werror --with-arch-32=i686 --with-abi=m64 --with-multilib-list=m32,m64,mx32 --enable-multilib --with-tune=generic --enable-checking=release --build=x86_64-linux-gnu --host=x86_64-linux-gnu --target=x86_64-linux-gnu
Thread model: posix
gcc version 5.4.0 20160609 (Ubuntu 5.4.0-6ubuntu1~16.04.2) 
configure:3503: $? = 0
configure:3492: /usr/bin/gcc -V >&5
gcc: error: unrecognized command line option '-V'
gcc: fatal error: no input files
compilation terminated.
configure:3503: $? = 1
configure:3492: /usr/bin/gcc -qversion >&5
gcc: error: unrecognized command line option '-qversion'
gcc: fatal error: no input files
compilation terminated.
configure:3503: $? = 1
configure:3523: checking whether the C compiler works
configure:3545: /usr/bin/gcc -g3 -gdwarf-2   conftest.c  >&5
configure:3549: $? = 0
configure:3597: result: yes
configure:3600: checking for C compiler default output file name
configure:3602: result: a.out
configure:3608: checking for suffix of executables
configure:3615: /usr/bin/gcc -o conftest -g3 -gdwarf-2   conftest.c  >&5
configure:3619: $? = 0
configure:3641: result: 
configure:3663: checking whether we are cross compiling
configure:3671: /usr/bin/gcc -o conftest -g3 -gdwarf-2   conftest.c  >&5
configure:3675: $? = 0
configure:3682: ./conftest
configure:3686: $? = 0
configure:3701: result: no
configure:3706: checking for suffix of object files
configure:3728: /usr/bin/gcc -c -g3 -gdwarf-2  conftest.c >&5
configure:3732: $? = 0
configure:3753: result: o
configure:3757: checking whether we are using the GNU C compiler
configure:3776: /usr/bin/gcc -c -g3 -gdwarf-2  conftest.c >&5
configure:3776: $? = 0
configure:3785: result: yes
configure:3794: checking whether /usr/bin/gcc accepts -g
configure:3814: /usr/bin/gcc -c -g  conftest.c >&5
configure:3814: $? = 0
configure:3855: result: yes
configure:3872: checking for /usr/bin/gcc option to accept ISO C89
configure:3935: /usr/bin/gcc  -c -g3 -gdwarf-2  conftest.c >&5
configure:3935: $? = 0
configure:3948: result: none needed
configure:3973: checking whether /usr/bin/gcc understands -c and -o together
configure:3995: /usr/bin/gcc -c conftest.c -o conftest2.o
configure:3998: $? = 0
configure:3995: /usr/bin/gcc -c conftest.c -o conftest2.o
configure:3998: $? = 0
configure:4010: result: yes
configure:4029: checking dependency style of /usr/bin/gcc
configure:4140: result: gcc3
configure:4176: checking for /proc/self/maps
configure:4189: result: yes
configure:4195: checking whether everything is installed to the same prefix
configure:4211: result: no
configure:4214: checking whether binary relocation support should be enabled
configure:4234: result: no
configure:4375: checking how to print strings
configure:4402: result: printf
configure:4423: checking for a sed that does not truncate output
configure:4487: result: /bin/sed
configure:4505: checking for grep that handles long lines and -e
configure:4563: result: /bin/grep
configure:4568: checking for egrep
configure:4630: result: /bin/grep -E
configure:4635: checking for fgrep
configure:4697: result: /bin/grep -F
configure:4732: checking for ld used by /usr/bin/gcc
configure:4799: result: /usr/bin/ld
configure:4806: checking if the linker (/usr/bin/ld) is GNU ld
configure:4821: result: yes
configure:4833: checking for BSD- or MS-compatible name lister (nm)
configure:4887: result: /usr/bin/nm -B
configure:5017: checking the name lister (/usr/bin/nm -B) interface
configure:5024: /usr/bin/gcc -c -g3 -gdwarf-2  conftest.c >&5
configure:5027: /usr/bin/nm -B "conftest.o"
configure:5030: output
0000000000000000 B some_variable
0000000000000000 n wm4.0.d0d6266f1e5998132195c0acfd0b7383
0000000000000000 n wm4.stdcpredef.h.19.bf2bf6c5fb087dfb5ef2d2297c2795de
configure:5037: result: BSD nm
configure:5040: checking whether ln -s works
configure:5044: result: yes
configure:5052: checking the maximum length of command line arguments
configure:5183: result: 1572864
configure:5231: checking how to convert x86_64-pc-linux-gnu file names to x86_64-pc-linux-gnu format
configure:5271: result: func_convert_file_noop
configure:5278: checking how to convert x86_64-pc-linux-gnu file names to toolchain format
configure:5298: result: func_convert_file_noop
configure:5305: checking for /usr/bin/ld option to reload object files
configure:5312: result: -r
configure:5386: checking for objdump
configure:5402: found /usr/bin/objdump
configure:5413: result: objdump
configure:5445: checking how to recognize dependent libraries
configure:5645: result: pass_all
configure:5730: checking for dlltool
configure:5760: result: no
configure:5790: checking how to associate runtime and link libraries
configure:5817: result: printf %s\n
configure:5877: checking for ar
configure:5893: found /usr/bin/ar
configure:5904: result: ar
configure:5941: checking for archiver @FILE support
configure:5958: /usr/bin/gcc -c -g3 -gdwarf-2  conftest.c >&5
configure:5958: $? = 0
configure:5961: ar cru libconftest.a @conftest.lst >&5
ar: `u' modifier ignored since `D' is the default (see `U')
configure:5964: $? = 0
configure:5969: ar cru libconftest.a @conftest.lst >&5
ar: `u' modifier ignored since `D' is the default (see `U')
ar: conftest.o: No such file or directory
configure:5972: $? = 1
configure:5984: result: @
configure:6042: checking for strip
configure:6058: found /usr/bin/strip
configure:6069: result: strip
configure:6141: checking for ranlib
configure:6157: found /usr/bin/ranlib
configure:6168: result: ranlib
configure:6270: checking command to parse /usr/bin/nm -B output from /usr/bin/gcc object
configure:6423: /usr/bin/gcc -c -g3 -gdwarf-2  conftest.c >&5
configure:6426: $? = 0
configure:6430: /usr/bin/nm -B conftest.o \| sed -n -e 's/^.*[ ]\([ABCDGIRSTW][ABCDGIRSTW]*\)[ ][ ]*\([_A-Za-z][_A-Za-z0-9]*\)$/\1 \2 \2/p' | sed '/ __gnu_lto/d' \> conftest.nm
configure:6433: $? = 0
configure:6499: /usr/bin/gcc -o conftest -g3 -gdwarf-2   conftest.c conftstm.o >&5
configure:6502: $? = 0
configure:6540: result: ok
configure:6587: checking for sysroot
configure:6617: result: no
configure:6624: checking for a working dd
configure:6662: result: /bin/dd
configure:6666: checking how to truncate binary pipes
configure:6681: result: /bin/dd bs=4096 count=1
configure:6817: /usr/bin/gcc -c -g3 -gdwarf-2  conftest.c >&5
configure:6820: $? = 0
configure:7010: checking for mt
configure:7026: found /bin/mt
configure:7037: result: mt
configure:7060: checking if mt is a manifest tool
configure:7066: mt '-?'
configure:7074: result: no
configure:7751: checking how to run the C preprocessor
configure:7782: /usr/bin/gcc -E  conftest.c
configure:7782: $? = 0
configure:7796: /usr/bin/gcc -E  conftest.c
conftest.c:11:28: fatal error: ac_nonexistent.h: No such file or directory
compilation terminated.
configure:7796: $? = 1
configure: failed program was:
| /* confdefs.h */
| #define PACKAGE_NAME "OpenCity"
| #define PACKAGE_TARNAME "opencity"
| #define PACKAGE_VERSION "0.0.7dev"
| #define PACKAGE_STRING "OpenCity 0.0.7dev"
| #define PACKAGE_BUGREPORT ""
| #define PACKAGE_URL ""
| #define PACKAGE "opencity"
| #define VERSION "0.0.7dev"
| /* end confdefs.h.  */
| #include <ac_nonexistent.h>
configure:7821: result: /usr/bin/gcc -E
configure:7841: /usr/bin/gcc -E  conftest.c
configure:7841: $? = 0
configure:7855: /usr/bin/gcc -E  conftest.c
conftest.c:11:28: fatal error: ac_nonexistent.h: No such file or directory
compilation terminated.
configure:7855: $? = 1
configure: failed program was:
| /* confdefs.h */
| #define PACKAGE_NAME "OpenCity"
| #define PACKAGE_TARNAME "opencity"
| #define PACKAGE_VERSION "0.0.7dev"
| #define PACKAGE_STRING "OpenCity 0.0.7dev"
| #define PACKAGE_BUGREPORT ""
| #define PACKAGE_URL ""
| #define PACKAGE "opencity"
| #define VERSION "0.0.7dev"
| /* end confdefs.h.  */
| #include <ac_nonexistent.h>
configure:7884: checking for ANSI C header files
configure:7904: /usr/bin/gcc -c -g3 -gdwarf-2  conftest.c >&5
configure:7904: $? = 0
configure:7977: /usr/bin/gcc -o conftest -g3 -gdwarf-2   conftest.c  >&5
configure:7977: $? = 0
configure:7977: ./conftest
configure:7977: $? = 0
configure:7988: result: yes
configure:8001: checking for sys/types.h
configure:8001: /usr/bin/gcc -c -g3 -gdwarf-2  conftest.c >&5
configure:8001: $? = 0
configure:8001: result: yes
configure:8001: checking for sys/stat.h
configure:8001: /usr/bin/gcc -c -g3 -gdwarf-2  conftest.c >&5
configure:8001: $? = 0
configure:8001: result: yes
configure:8001: checking for stdlib.h
configure:8001: /usr/bin/gcc -c -g3 -gdwarf-2  conftest.c >&5
configure:8001: $? = 0
configure:8001: result: yes
configure:8001: checking for string.h
configure:8001: /usr/bin/gcc -c -g3 -gdwarf-2  conftest.c >&5
configure:8001: $? = 0
configure:8001: result: yes
configure:8001: checking for memory.h
configure:8001: /usr/bin/gcc -c -g3 -gdwarf-2  conftest.c >&5
configure:8001: $? = 0
configure:8001: result: yes
configure:8001: checking for strings.h
configure:8001: /usr/bin/gcc -c -g3 -gdwarf-2  conftest.c >&5
configure:8001: $? = 0
configure:8001: result: yes
configure:8001: checking for inttypes.h
configure:8001: /usr/bin/gcc -c -g3 -gdwarf-2  conftest.c >&5
configure:8001: $? = 0
configure:8001: result: yes
configure:8001: checking for stdint.h
configure:8001: /usr/bin/gcc -c -g3 -gdwarf-2  conftest.c >&5
configure:8001: $? = 0
configure:8001: result: yes
configure:8001: checking for unistd.h
configure:8001: /usr/bin/gcc -c -g3 -gdwarf-2  conftest.c >&5
configure:8001: $? = 0
configure:8001: result: yes
configure:8015: checking for dlfcn.h
configure:8015: /usr/bin/gcc -c -g3 -gdwarf-2  conftest.c >&5
configure:8015: $? = 0
configure:8015: result: yes
configure:8271: checking for objdir
configure:8286: result: .libs
configure:8546: checking if /usr/bin/gcc supports -fno-rtti -fno-exceptions
configure:8564: /usr/bin/gcc -c -g3 -gdwarf-2  -fno-rtti -fno-exceptions conftest.c >&5
cc1: warning: command line option '-fno-rtti' is valid for C++/ObjC++ but not for C
configure:8568: $? = 0
configure:8581: result: no
configure:8939: checking for /usr/bin/gcc option to produce PIC
configure:8946: result: -fPIC -DPIC
configure:8954: checking if /usr/bin/gcc PIC flag -fPIC -DPIC works
configure:8972: /usr/bin/gcc -c -g3 -gdwarf-2  -fPIC -DPIC -DPIC conftest.c >&5
configure:8976: $? = 0
configure:8989: result: yes
configure:9018: checking if /usr/bin/gcc static flag -static works
configure:9046: result: yes
configure:9061: checking if /usr/bin/gcc supports -c -o file.o
configure:9082: /usr/bin/gcc -c -g3 -gdwarf-2  -o out/conftest2.o conftest.c >&5
configure:9086: $? = 0
configure:9108: result: yes
configure:9116: checking if /usr/bin/gcc supports -c -o file.o
configure:9163: result: yes
configure:9196: checking whether the /usr/bin/gcc linker (/usr/bin/ld -m elf_x86_64) supports shared libraries
configure:10459: result: yes
configure:10496: checking whether -lc should be explicitly linked in
configure:10504: /usr/bin/gcc -c -g3 -gdwarf-2  conftest.c >&5
configure:10507: $? = 0
configure:10522: /usr/bin/gcc -shared  -fPIC -DPIC conftest.o  -v -Wl,-soname -Wl,conftest -o conftest 2\>\&1 \| /bin/grep  -lc  \>/dev/null 2\>\&1
configure:10525: $? = 0
configure:10539: result: no
configure:10699: checking dynamic linker characteristics
configure:11280: /usr/bin/gcc -o conftest -g3 -gdwarf-2   -Wl,-rpath -Wl,/foo conftest.c  >&5
configure:11280: $? = 0
configure:11529: result: GNU/Linux ld.so
configure:11651: checking how to hardcode library paths into programs
configure:11676: result: immediate
configure:12224: checking whether stripping libraries is possible
configure:12229: result: yes
configure:12264: checking if libtool supports shared libraries
configure:12266: result: yes
configure:12269: checking whether to build shared libraries
configure:12294: result: yes
configure:12297: checking whether to build static libraries
configure:12301: result: yes
configure:12348: checking for -pkg-config
configure:12381: result: no
configure:12348: checking for pkg-config
configure:12366: found /usr/bin/pkg-config
configure:12378: result: /usr/bin/pkg-config
configure:12444: checking for sdl-config
configure:12462: found /usr/bin/sdl-config
configure:12475: result: /usr/bin/sdl-config
configure:12484: checking for SDL - version >= 1.2.12
configure:12569: /usr/bin/gcc -o conftest -g3 -gdwarf-2 -I/usr/include/SDL -D_GNU_SOURCE=1 -D_REENTRANT   conftest.c  -L/usr/lib/x86_64-linux-gnu -lSDL >&5
configure:12569: $? = 0
configure:12569: ./conftest
configure:12569: $? = 0
configure:12583: result: yes
configure:12765: checking for C++ compiler version
configure:12774: /usr/bin/g++ --version >&5
g++ (Ubuntu 5.4.0-6ubuntu1~16.04.2) 5.4.0 20160609
Copyright (C) 2015 Free Software Foundation, Inc.
This is free software; see the source for copying conditions.  There is NO
warranty; not even for MERCHANTABILITY or FITNESS FOR A PARTICULAR PURPOSE.

configure:12785: $? = 0
configure:12774: /usr/bin/g++ -v >&5
Using built-in specs.
COLLECT_GCC=/usr/bin/g++
COLLECT_LTO_WRAPPER=/usr/lib/gcc/x86_64-linux-gnu/5/lto-wrapper
Target: x86_64-linux-gnu
Configured with: ../src/configure -v --with-pkgversion='Ubuntu 5.4.0-6ubuntu1~16.04.2' --with-bugurl=file:///usr/share/doc/gcc-5/README.Bugs --enable-languages=c,ada,c++,java,go,d,fortran,objc,obj-c++ --prefix=/usr --program-suffix=-5 --enable-shared --enable-linker-build-id --libexecdir=/usr/lib --without-included-gettext --enable-threads=posix --libdir=/usr/lib --enable-nls --with-sysroot=/ --enable-clocale=gnu --enable-libstdcxx-debug --enable-libstdcxx-time=yes --with-default-libstdcxx-abi=new --enable-gnu-unique-object --disable-vtable-verify --enable-libmpx --enable-plugin --with-system-zlib --disable-browser-plugin --enable-java-awt=gtk --enable-gtk-cairo --with-java-home=/usr/lib/jvm/java-1.5.0-gcj-5-amd64/jre --enable-java-home --with-jvm-root-dir=/usr/lib/jvm/java-1.5.0-gcj-5-amd64 --with-jvm-jar-dir=/usr/lib/jvm-exports/java-1.5.0-gcj-5-amd64 --with-arch-directory=amd64 --with-ecj-jar=/usr/share/java/eclipse-ecj.jar --enable-objc-gc --enable-multiarch --disable-werror --with-arch-32=i686 --with-abi=m64 --with-multilib-list=m32,m64,mx32 --enable-multilib --with-tune=generic --enable-checking=release --build=x86_64-linux-gnu --host=x86_64-linux-gnu --target=x86_64-linux-gnu
Thread model: posix
gcc version 5.4.0 20160609 (Ubuntu 5.4.0-6ubuntu1~16.04.2) 
configure:12785: $? = 0
configure:12774: /usr/bin/g++ -V >&5
g++: error: unrecognized command line option '-V'
g++: fatal error: no input files
compilation terminated.
configure:12785: $? = 1
configure:12774: /usr/bin/g++ -qversion >&5
g++: error: unrecognized command line option '-qversion'
g++: fatal error: no input files
compilation terminated.
configure:12785: $? = 1
configure:12789: checking whether we are using the GNU C++ compiler
configure:12808: /usr/bin/g++ -c -g3 -gdwarf-2  conftest.cpp >&5
configure:12808: $? = 0
configure:12817: result: yes
configure:12826: checking whether /usr/bin/g++ accepts -g
configure:12846: /usr/bin/g++ -c -g  conftest.cpp >&5
configure:12846: $? = 0
configure:12887: result: yes
configure:12912: checking dependency style of /usr/bin/g++
configure:13023: result: gcc3
configure:13056: checking how to run the C++ preprocessor
configure:13083: /usr/bin/g++ -E  conftest.cpp
configure:13083: $? = 0
configure:13097: /usr/bin/g++ -E  conftest.cpp
conftest.cpp:23:28: fatal error: ac_nonexistent.h: No such file or directory
compilation terminated.
configure:13097: $? = 1
configure: failed program was:
| /* confdefs.h */
| #define PACKAGE_NAME "OpenCity"
| #define PACKAGE_TARNAME "opencity"
| #define PACKAGE_VERSION "0.0.7dev"
| #define PACKAGE_STRING "OpenCity 0.0.7dev"
| #define PACKAGE_BUGREPORT ""
| #define PACKAGE_URL ""
| #define PACKAGE "opencity"
| #define VERSION "0.0.7dev"
| #define STDC_HEADERS 1
| #define HAVE_SYS_TYPES_H 1
| #define HAVE_SYS_STAT_H 1
| #define HAVE_STDLIB_H 1
| #define HAVE_STRING_H 1
| #define HAVE_MEMORY_H 1
| #define HAVE_STRINGS_H 1
| #define HAVE_INTTYPES_H 1
| #define HAVE_STDINT_H 1
| #define HAVE_UNISTD_H 1
| #define HAVE_DLFCN_H 1
| #define LT_OBJDIR ".libs/"
| /* end confdefs.h.  */
| #include <ac_nonexistent.h>
configure:13122: result: /usr/bin/g++ -E
configure:13142: /usr/bin/g++ -E  conftest.cpp
configure:13142: $? = 0
configure:13156: /usr/bin/g++ -E  conftest.cpp
conftest.cpp:23:28: fatal error: ac_nonexistent.h: No such file or directory
compilation terminated.
configure:13156: $? = 1
configure: failed program was:
| /* confdefs.h */
| #define PACKAGE_NAME "OpenCity"
| #define PACKAGE_TARNAME "opencity"
| #define PACKAGE_VERSION "0.0.7dev"
| #define PACKAGE_STRING "OpenCity 0.0.7dev"
| #define PACKAGE_BUGREPORT ""
| #define PACKAGE_URL ""
| #define PACKAGE "opencity"
| #define VERSION "0.0.7dev"
| #define STDC_HEADERS 1
| #define HAVE_SYS_TYPES_H 1
| #define HAVE_SYS_STAT_H 1
| #define HAVE_STDLIB_H 1
| #define HAVE_STRING_H 1
| #define HAVE_MEMORY_H 1
| #define HAVE_STRINGS_H 1
| #define HAVE_INTTYPES_H 1
| #define HAVE_STDINT_H 1
| #define HAVE_UNISTD_H 1
| #define HAVE_DLFCN_H 1
| #define LT_OBJDIR ".libs/"
| /* end confdefs.h.  */
| #include <ac_nonexistent.h>
configure:13318: checking for ld used by /usr/bin/g++
configure:13385: result: /usr/bin/ld -m elf_x86_64
configure:13392: checking if the linker (/usr/bin/ld -m elf_x86_64) is GNU ld
configure:13407: result: yes
configure:13462: checking whether the /usr/bin/g++ linker (/usr/bin/ld -m elf_x86_64) supports shared libraries
configure:14535: result: yes
configure:14571: /usr/bin/g++ -c -g3 -gdwarf-2  conftest.cpp >&5
configure:14574: $? = 0
configure:15055: checking for /usr/bin/g++ option to produce PIC
configure:15062: result: -fPIC -DPIC
configure:15070: checking if /usr/bin/g++ PIC flag -fPIC -DPIC works
configure:15088: /usr/bin/g++ -c -g3 -gdwarf-2  -fPIC -DPIC -DPIC conftest.cpp >&5
configure:15092: $? = 0
configure:15105: result: yes
configure:15128: checking if /usr/bin/g++ static flag -static works
configure:15156: result: yes
configure:15168: checking if /usr/bin/g++ supports -c -o file.o
configure:15189: /usr/bin/g++ -c -g3 -gdwarf-2  -o out/conftest2.o conftest.cpp >&5
configure:15193: $? = 0
configure:15215: result: yes
configure:15220: checking if /usr/bin/g++ supports -c -o file.o
configure:15267: result: yes
configure:15297: checking whether the /usr/bin/g++ linker (/usr/bin/ld -m elf_x86_64) supports shared libraries
configure:15340: result: yes
configure:15481: checking dynamic linker characteristics
configure:16238: result: GNU/Linux ld.so
configure:16303: checking how to hardcode library paths into programs
configure:16328: result: immediate
configure:16389: checking SDL_mixer.h usability
configure:16389: /usr/bin/g++ -c -g3 -gdwarf-2 -I/usr/include/SDL -D_GNU_SOURCE=1 -D_REENTRANT conftest.cpp >&5
configure:16389: $? = 0
configure:16389: result: yes
configure:16389: checking SDL_mixer.h presence
configure:16389: /usr/bin/g++ -E -I/usr/include/SDL -D_GNU_SOURCE=1 -D_REENTRANT conftest.cpp
configure:16389: $? = 0
configure:16389: result: yes
configure:16389: checking for SDL_mixer.h
configure:16389: result: yes
configure:16397: checking for Mix_OpenAudio in -lSDL_mixer
configure:16422: /usr/bin/g++ -o conftest -g3 -gdwarf-2 -I/usr/include/SDL -D_GNU_SOURCE=1 -D_REENTRANT  conftest.cpp -lSDL_mixer  -L/usr/lib/x86_64-linux-gnu -lSDL >&5
configure:16422: $? = 0
configure:16431: result: yes
configure:16439: checking SDL_mixer support
configure:16448: result: yes
configure:16530: checking for glBegin in -lGL
configure:16555: /usr/bin/g++ -o conftest -g3 -gdwarf-2 -I/usr/include/SDL -D_GNU_SOURCE=1 -D_REENTRANT  conftest.cpp -lGL  -L/usr/lib/x86_64-linux-gnu -lSDL -lSDL_mixer >&5
configure:16555: $? = 0
configure:16564: result: yes
configure:16577: checking for gluLookAt in -lGLU
configure:16602: /usr/bin/g++ -o conftest -g3 -gdwarf-2 -I/usr/include/SDL -D_GNU_SOURCE=1 -D_REENTRANT  conftest.cpp -lGLU  -lGL -L/usr/lib/x86_64-linux-gnu -lSDL -lSDL_mixer >&5
configure:16602: $? = 0
configure:16611: result: yes
configure:16631: checking for IMG_Load in -lSDL_image
configure:16656: /usr/bin/g++ -o conftest -g3 -gdwarf-2 -I/usr/include/SDL -D_GNU_SOURCE=1 -D_REENTRANT  conftest.cpp -lSDL_image  -lGLU -lGL -L/usr/lib/x86_64-linux-gnu -lSDL -lSDL_mixer >&5
configure:16656: $? = 0
configure:16665: result: yes
configure:16680: checking for SDLNet_Init in -lSDL_net
configure:16705: /usr/bin/g++ -o conftest -g3 -gdwarf-2 -I/usr/include/SDL -D_GNU_SOURCE=1 -D_REENTRANT  conftest.cpp -lSDL_net  -lSDL_image -lGLU -lGL -L/usr/lib/x86_64-linux-gnu -lSDL -lSDL_mixer >&5
configure:16705: $? = 0
configure:16714: result: yes
configure:16729: checking for libpng
configure:16741: result: libpng
configure:16934: checking that generated files are newer than configure
configure:16940: result: done
configure:16971: creating ./config.status

## ---------------------- ##
## Running config.status. ##
## ---------------------- ##

This file was extended by OpenCity config.status 0.0.7dev, which was
generated by GNU Autoconf 2.69.  Invocation command line was

  CONFIG_FILES    = 
  CONFIG_HEADERS  = 
  CONFIG_LINKS    = 
  CONFIG_COMMANDS = 
  $ ./config.status 

on chris-H81M-S2PV

config.status:1189: creating config/Makefile
config.status:1189: creating docs/Makefile
config.status:1189: creating map/Makefile
config.status:1189: creating map/heightmap/Makefile
config.status:1189: creating sound/Makefile
config.status:1189: creating src/Makefile
config.status:1189: creating src/binreloc/Makefile
config.status:1189: creating src/enum/Makefile
config.status:1189: creating src/framework/Makefile
config.status:1189: creating src/framework/System/Makefile
config.status:1189: creating src/framework/System/Information/Makefile
config.status:1189: creating src/framework/System/Information/Software/Makefile
config.status:1189: creating src/framework/System/Reflection/Makefile
config.status:1189: creating src/mapgen/Makefile
config.status:1189: creating src/mas/Makefile
config.status:1189: creating src/model/Makefile
config.status:1189: creating src/networking/Makefile
config.status:1189: creating src/pngfuncs/Makefile
config.status:1189: creating src/simulator/Makefile
config.status:1189: creating src/structure/Makefile
config.status:1189: creating src/tinyxml/Makefile
config.status:1189: creating src/tinyxpath/Makefile
config.status:1189: creating src/triangulation/Makefile
config.status:1189: creating viewer/Makefile
config.status:1189: creating Makefile
config.status:1189: creating config.h
config.status:1370: config.h is unchanged
config.status:1418: executing depfiles commands
config.status:1418: executing libtool commands

## ---------------- ##
## Cache variables. ##
## ---------------- ##

ac_cv_build=x86_64-pc-linux-gnu
ac_cv_c_compiler_gnu=yes
ac_cv_cxx_compiler_gnu=yes
ac_cv_env_CCC_set=
ac_cv_env_CCC_value=
ac_cv_env_CC_set=set
ac_cv_env_CC_value=/usr/bin/gcc
ac_cv_env_CFLAGS_set=set
ac_cv_env_CFLAGS_value='-g3 -gdwarf-2'
ac_cv_env_CPPFLAGS_set=
ac_cv_env_CPPFLAGS_value=
ac_cv_env_CPP_set=
ac_cv_env_CPP_value=
ac_cv_env_CXXCPP_set=
ac_cv_env_CXXCPP_value=
ac_cv_env_CXXFLAGS_set=set
ac_cv_env_CXXFLAGS_value='-g3 -gdwarf-2'
ac_cv_env_CXX_set=set
ac_cv_env_CXX_value=/usr/bin/g++
ac_cv_env_LDFLAGS_set=
ac_cv_env_LDFLAGS_value=
ac_cv_env_LIBS_set=
ac_cv_env_LIBS_value=
ac_cv_env_LT_SYS_LIBRARY_PATH_set=
ac_cv_env_LT_SYS_LIBRARY_PATH_value=
ac_cv_env_build_alias_set=
ac_cv_env_build_alias_value=
ac_cv_env_host_alias_set=
ac_cv_env_host_alias_value=
ac_cv_env_target_alias_set=
ac_cv_env_target_alias_value=
ac_cv_file__proc_self_maps=yes
ac_cv_header_SDL_mixer_h=yes
ac_cv_header_dlfcn_h=yes
ac_cv_header_inttypes_h=yes
ac_cv_header_memory_h=yes
ac_cv_header_stdc=yes
ac_cv_header_stdint_h=yes
ac_cv_header_stdlib_h=yes
ac_cv_header_string_h=yes
ac_cv_header_strings_h=yes
ac_cv_header_sys_stat_h=yes
ac_cv_header_sys_types_h=yes
ac_cv_header_unistd_h=yes
ac_cv_host=x86_64-pc-linux-gnu
ac_cv_lib_GLU_gluLookAt=yes
ac_cv_lib_GL_glBegin=yes
ac_cv_lib_SDL_image_IMG_Load=yes
ac_cv_lib_SDL_mixer_Mix_OpenAudio=yes
ac_cv_lib_SDL_net_SDLNet_Init=yes
ac_cv_objext=o
ac_cv_path_EGREP='/bin/grep -E'
ac_cv_path_FGREP='/bin/grep -F'
ac_cv_path_GREP=/bin/grep
ac_cv_path_PACKAGE_CONFIG=/usr/bin/pkg-config
ac_cv_path_SDL_CONFIG=/usr/bin/sdl-config
ac_cv_path_SED=/bin/sed
ac_cv_path_install='/usr/bin/install -c'
ac_cv_path_lt_DD=/bin/dd
ac_cv_path_mkdir=/bin/mkdir
ac_cv_prog_AWK=mawk
ac_cv_prog_CPP='/usr/bin/gcc -E'
ac_cv_prog_CXXCPP='/usr/bin/g++ -E'
ac_cv_prog_ac_ct_AR=ar
ac_cv_prog_ac_ct_CC=/usr/bin/gcc
ac_cv_prog_ac_ct_MANIFEST_TOOL=mt
ac_cv_prog_ac_ct_OBJDUMP=objdump
ac_cv_prog_ac_ct_RANLIB=ranlib
ac_cv_prog_ac_ct_STRIP=strip
ac_cv_prog_cc_c89=
ac_cv_prog_cc_g=yes
ac_cv_prog_cxx_g=yes
ac_cv_prog_make_make_set=yes
ac_cv_target=x86_64-pc-linux-gnu
am_cv_CC_dependencies_compiler_type=gcc3
am_cv_CXX_dependencies_compiler_type=gcc3
am_cv_make_support_nested_variables=yes
am_cv_prog_cc_c_o=yes
br_cv_binreloc=no
br_cv_valid_prefixes=no
lt_cv_ar_at_file=@
lt_cv_archive_cmds_need_lc=no
lt_cv_deplibs_check_method=pass_all
lt_cv_file_magic_cmd='$MAGIC_CMD'
lt_cv_file_magic_test_file=
lt_cv_ld_reload_flag=-r
lt_cv_nm_interface='BSD nm'
lt_cv_objdir=.libs
lt_cv_path_LD=/usr/bin/ld
lt_cv_path_LDCXX='/usr/bin/ld -m elf_x86_64'
lt_cv_path_NM='/usr/bin/nm -B'
lt_cv_path_mainfest_tool=no
lt_cv_prog_compiler_c_o=yes
lt_cv_prog_compiler_c_o_CXX=yes
lt_cv_prog_compiler_pic='-fPIC -DPIC'
lt_cv_prog_compiler_pic_CXX='-fPIC -DPIC'
lt_cv_prog_compiler_pic_works=yes
lt_cv_prog_compiler_pic_works_CXX=yes
lt_cv_prog_compiler_rtti_exceptions=no
lt_cv_prog_compiler_static_works=yes
lt_cv_prog_compiler_static_works_CXX=yes
lt_cv_prog_gnu_ld=yes
lt_cv_prog_gnu_ldcxx=yes
lt_cv_sharedlib_from_linklib_cmd='printf %s\n'
lt_cv_shlibpath_overrides_runpath=no
lt_cv_sys_global_symbol_pipe='sed -n -e '\''s/^.*[	 ]\([ABCDGIRSTW][ABCDGIRSTW]*\)[	 ][	 ]*\([_A-Za-z][_A-Za-z0-9]*\)$/\1 \2 \2/p'\'' | sed '\''/ __gnu_lto/d'\'''
lt_cv_sys_global_symbol_to_c_name_address='sed -n -e '\''s/^: \(.*\) .*$/  {"\1", (void *) 0},/p'\'' -e '\''s/^[ABCDGIRSTW][ABCDGIRSTW]* .* \(.*\)$/  {"\1", (void *) \&\1},/p'\'''
lt_cv_sys_global_symbol_to_c_name_address_lib_prefix='sed -n -e '\''s/^: \(.*\) .*$/  {"\1", (void *) 0},/p'\'' -e '\''s/^[ABCDGIRSTW][ABCDGIRSTW]* .* \(lib.*\)$/  {"\1", (void *) \&\1},/p'\'' -e '\''s/^[ABCDGIRSTW][ABCDGIRSTW]* .* \(.*\)$/  {"lib\1", (void *) \&\1},/p'\'''
lt_cv_sys_global_symbol_to_cdecl='sed -n -e '\''s/^T .* \(.*\)$/extern int \1();/p'\'' -e '\''s/^[ABCDGIRSTW][ABCDGIRSTW]* .* \(.*\)$/extern char \1;/p'\'''
lt_cv_sys_global_symbol_to_import=
lt_cv_sys_max_cmd_len=1572864
lt_cv_to_host_file_cmd=func_convert_file_noop
lt_cv_to_tool_file_cmd=func_convert_file_noop
lt_cv_truncate_bin='/bin/dd bs=4096 count=1'

## ----------------- ##
## Output variables. ##
## ----------------- ##

ACLOCAL='${SHELL} /home/chris/opencity/missing aclocal-1.15'
AMDEPBACKSLASH='\'
AMDEP_FALSE='#'
AMDEP_TRUE=''
AMTAR='$${TAR-tar}'
AM_BACKSLASH='\'
AM_DEFAULT_V='$(AM_DEFAULT_VERBOSITY)'
AM_DEFAULT_VERBOSITY='1'
AM_V='$(V)'
AR='ar'
AUTOCONF='${SHELL} /home/chris/opencity/missing autoconf'
AUTOHEADER='${SHELL} /home/chris/opencity/missing autoheader'
AUTOMAKE='${SHELL} /home/chris/opencity/missing automake-1.15'
AWK='mawk'
BINRELOC_CFLAGS=''
BINRELOC_LIBS=''
CC='/usr/bin/gcc'
CCDEPMODE='depmode=gcc3'
CFLAGS='-std=c99 -g3 -gdwarf-2'
CPP='/usr/bin/gcc -E'
CPPFLAGS='-I/usr/X11R6/include  -DNDEBUG -Wall -Wmissing-braces -Wparentheses -pedantic-errors -I/usr/include/SDL -D_GNU_SOURCE=1 -D_REENTRANT -I/usr/include/libpng12'
CXX='/usr/bin/g++'
CXXCPP='/usr/bin/g++ -E'
CXXDEPMODE='depmode=gcc3'
CXXFLAGS='-std=c++98 -g3 -gdwarf-2'
CYGPATH_W='echo'
DEFS='-DHAVE_CONFIG_H'
DEPDIR='.deps'
DLLTOOL='false'
DSYMUTIL=''
DUMPBIN=''
ECHO_C=''
ECHO_N='-n'
ECHO_T=''
EGREP='/bin/grep -E'
EXEEXT=''
FGREP='/bin/grep -F'
GREP='/bin/grep'
INSTALL_DATA='${INSTALL} -m 644'
INSTALL_PROGRAM='${INSTALL}'
INSTALL_SCRIPT='${INSTALL}'
INSTALL_STRIP_PROGRAM='$(install_sh) -c -s'
LD='/usr/bin/ld -m elf_x86_64'
LDFLAGS='-L/usr/X11R6/lib   '
LIBOBJS=''
LIBS='-lSDL_net -lSDL_image -lGLU -lGL -L/usr/lib/x86_64-linux-gnu -lSDL -lSDL_mixer -lpng12'
LIBTOOL='$(SHELL) $(top_builddir)/libtool'
LIPO=''
LN_S='ln -s'
LTLIBOBJS=''
LT_SYS_LIBRARY_PATH=''
MAKEINFO='${SHELL} /home/chris/opencity/missing makeinfo'
MANIFEST_TOOL=':'
MKDIR_P='/bin/mkdir -p'
NM='/usr/bin/nm -B'
NMEDIT=''
OBJDUMP='objdump'
OBJEXT='o'
OPENCITY_SDL_MIXER_FALSE='#'
OPENCITY_SDL_MIXER_TRUE=''
OTOOL64=''
OTOOL=''
PACKAGE='opencity'
PACKAGE_BUGREPORT=''
PACKAGE_CONFIG='/usr/bin/pkg-config'
PACKAGE_NAME='OpenCity'
PACKAGE_STRING='OpenCity 0.0.7dev'
PACKAGE_TARNAME='opencity'
PACKAGE_URL=''
PACKAGE_VERSION='0.0.7dev'
PATH_SEPARATOR=':'
RANLIB='ranlib'
SDL_CFLAGS='-I/usr/include/SDL -D_GNU_SOURCE=1 -D_REENTRANT'
SDL_CONFIG='/usr/bin/sdl-config'
SDL_LIBS='-L/usr/lib/x86_64-linux-gnu -lSDL'
SED='/bin/sed'
SET_MAKE=''
SHELL='/bin/bash'
STRIP='strip'
VERSION='0.0.7dev'
ac_ct_AR='ar'
ac_ct_CC='/usr/bin/gcc'
ac_ct_CXX=''
ac_ct_DUMPBIN=''
am__EXEEXT_FALSE=''
am__EXEEXT_TRUE='#'
am__fastdepCC_FALSE='#'
am__fastdepCC_TRUE=''
am__fastdepCXX_FALSE='#'
am__fastdepCXX_TRUE=''
am__include='include'
am__isrc=''
am__leading_dot='.'
am__nodep='_no'
am__quote=''
am__tar='$${TAR-tar} chof - "$$tardir"'
am__untar='$${TAR-tar} xf -'
bindir='${exec_prefix}/bin'
build='x86_64-pc-linux-gnu'
build_alias=''
build_cpu='x86_64'
build_os='linux-gnu'
build_vendor='pc'
datadir='${datarootdir}'
datarootdir='${prefix}/share'
docdir='${datarootdir}/doc/${PACKAGE_TARNAME}'
dvidir='${docdir}'
exec_prefix='${prefix}'
host='x86_64-pc-linux-gnu'
host_alias=''
host_cpu='x86_64'
host_os='linux-gnu'
host_vendor='pc'
htmldir='${docdir}'
includedir='${prefix}/include'
infodir='${datarootdir}/info'
install_sh='${SHELL} /home/chris/opencity/install-sh'
libdir='${exec_prefix}/lib'
libexecdir='${exec_prefix}/libexec'
localedir='${datarootdir}/locale'
localstatedir='${prefix}/var'
mandir='${datarootdir}/man'
mkdir_p='$(MKDIR_P)'
oldincludedir='/usr/include'
pdfdir='${docdir}'
prefix='/usr/local'
program_transform_name='s,x,x,'
psdir='${docdir}'
runstatedir='${localstatedir}/run'
sbindir='${exec_prefix}/sbin'
sharedstatedir='${prefix}/com'
sysconfdir='${prefix}/etc'
target='x86_64-pc-linux-gnu'
target_alias=''
target_cpu='x86_64'
target_os='linux-gnu'
target_vendor='pc'

## ----------- ##
## confdefs.h. ##
## ----------- ##

/* confdefs.h */
#define PACKAGE_NAME "OpenCity"
#define PACKAGE_TARNAME "opencity"
#define PACKAGE_VERSION "0.0.7dev"
#define PACKAGE_STRING "OpenCity 0.0.7dev"
#define PACKAGE_BUGREPORT ""
#define PACKAGE_URL ""
#define PACKAGE "opencity"
#define VERSION "0.0.7dev"
#define STDC_HEADERS 1
#define HAVE_SYS_TYPES_H 1
#define HAVE_SYS_STAT_H 1
#define HAVE_STDLIB_H 1
#define HAVE_STRING_H 1
#define HAVE_MEMORY_H 1
#define HAVE_STRINGS_H 1
#define HAVE_INTTYPES_H 1
#define HAVE_STDINT_H 1
#define HAVE_UNISTD_H 1
#define HAVE_DLFCN_H 1
#define LT_OBJDIR ".libs/"
#define OPENCITY_SDL_MIXER 1
#define HAVE_LIBGL 1
#define HAVE_LIBGLU 1
#define HAVE_LIBSDL_IMAGE 1
#define HAVE_LIBSDL_NET 1

configure: exit 0
